https://store.steampowered.com/app/1062520/Dinkum/ | Message: unknown error: net::ERR_CONNECTION_TIMED_OUT
  (Session info: chrome=142.0.7444.60)
Stacktrace:
Symbols not available. Dumping unresolved backtrace:
	0x7ff67999a235
	0x7ff6796f2650
	0x7ff6794816dd
	0x7ff67947e228
	0x7ff67946eba9
	0x7ff6794709d7
	0x7ff67946f160
	0x7ff67946e917
	0x7ff67946e5db
	0x7ff67946c145
	0x7ff67946c9dc
	0x7ff6794859ea
	0x7ff67952c8be
	0x7ff679502b0a
	0x7ff67952baba
	0x7ff6794cb0ed
	0x7ff6794cbf63
	0x7ff6799c5d60
	0x7ff6799bfe8a
	0x7ff6799e1005
	0x7ff67970d73e
	0x7ff679714e3f
	0x7ff6796fb7e4
	0x7ff6796fb99f
	0x7ff6796e1908
	0x7ff88b53e8d7
	0x7ff88ca8c53c

https://store.steampowered.com/app/1065310/Evil_West/ | Message: no such element: Unable to locate element: {"method":"css selector","selector":".apphub_AppName"}
  (Session info: chrome=142.0.7444.60); For documentation on this error, please visit: https://www.selenium.dev/documentation/webdriver/troubleshooting/errors#nosuchelementexception
Stacktrace:
Symbols not available. Dumping unresolved backtrace:
	0x7ff67999a235
	0x7ff6796f2650
	0x7ff6794816dd
	0x7ff6794da27e
	0x7ff6794da58c
	0x7ff67952ed77
	0x7ff67952baba
	0x7ff6794cb0ed
	0x7ff6794cbf63
	0x7ff6799c5d60
	0x7ff6799bfe8a
	0x7ff6799e1005
	0x7ff67970d73e
	0x7ff679714e3f
	0x7ff6796fb7e4
	0x7ff6796fb99f
	0x7ff6796e1908
	0x7ff88b53e8d7
	0x7ff88ca8c53c

https://store.steampowered.com/app/1063980/Hell_Architect/ | Message: unknown error: net::ERR_CONNECTION_TIMED_OUT
  (Session info: chrome=142.0.7444.60)
Stacktrace:
Symbols not available. Dumping unresolved backtrace:
	0x7ff67999a235
	0x7ff6796f2650
	0x7ff6794816dd
	0x7ff67947e228
	0x7ff67946eba9
	0x7ff6794709d7
	0x7ff67946f160
	0x7ff67946e917
	0x7ff67946e5db
	0x7ff67946c145
	0x7ff67946c9dc
	0x7ff6794859ea
	0x7ff67952c8be
	0x7ff679502b0a
	0x7ff67952baba
	0x7ff6794cb0ed
	0x7ff6794cbf63
	0x7ff6799c5d60
	0x7ff6799bfe8a
	0x7ff6799e1005
	0x7ff67970d73e
	0x7ff679714e3f
	0x7ff6796fb7e4
	0x7ff6796fb99f
	0x7ff6796e1908
	0x7ff88b53e8d7
	0x7ff88ca8c53c

https://store.steampowered.com/app/1194630/The_Dark_Pictures_Anthology_Little_Hope/ | Message: no such element: Unable to locate element: {"method":"css selector","selector":".apphub_AppName"}
  (Session info: chrome=142.0.7444.60); For documentation on this error, please visit: https://www.selenium.dev/documentation/webdriver/troubleshooting/errors#nosuchelementexception
Stacktrace:
Symbols not available. Dumping unresolved backtrace:
	0x7ff67999a235
	0x7ff6796f2650
	0x7ff6794816dd
	0x7ff6794da27e
	0x7ff6794da58c
	0x7ff67952ed77
	0x7ff67952baba
	0x7ff6794cb0ed
	0x7ff6794cbf63
	0x7ff6799c5d60
	0x7ff6799bfe8a
	0x7ff6799e1005
	0x7ff67970d73e
	0x7ff679714e3f
	0x7ff6796fb7e4
	0x7ff6796fb99f
	0x7ff6796e1908
	0x7ff88b53e8d7
	0x7ff88ca8c53c

https://store.steampowered.com/app/1238040/Dragon_Age_II_Ultimate_Edition/ | Message: no such element: Unable to locate element: {"method":"css selector","selector":".apphub_AppName"}
  (Session info: chrome=142.0.7444.60); For documentation on this error, please visit: https://www.selenium.dev/documentation/webdriver/troubleshooting/errors#nosuchelementexception
Stacktrace:
Symbols not available. Dumping unresolved backtrace:
	0x7ff67999a235
	0x7ff6796f2650
	0x7ff6794816dd
	0x7ff6794da27e
	0x7ff6794da58c
	0x7ff67952ed77
	0x7ff67952baba
	0x7ff6794cb0ed
	0x7ff6794cbf63
	0x7ff6799c5d60
	0x7ff6799bfe8a
	0x7ff6799e1005
	0x7ff67970d73e
	0x7ff679714e3f
	0x7ff6796fb7e4
	0x7ff6796fb99f
	0x7ff6796e1908
	0x7ff88b53e8d7
	0x7ff88ca8c53c

https://store.steampowered.com/app/1245620/ELDEN_RING/ | Message: no such element: Unable to locate element: {"method":"css selector","selector":".apphub_AppName"}
  (Session info: chrome=142.0.7444.60); For documentation on this error, please visit: https://www.selenium.dev/documentation/webdriver/troubleshooting/errors#nosuchelementexception
Stacktrace:
Symbols not available. Dumping unresolved backtrace:
	0x7ff67999a235
	0x7ff6796f2650
	0x7ff6794816dd
	0x7ff6794da27e
	0x7ff6794da58c
	0x7ff67952ed77
	0x7ff67952baba
	0x7ff6794cb0ed
	0x7ff6794cbf63
	0x7ff6799c5d60
	0x7ff6799bfe8a
	0x7ff6799e1005
	0x7ff67970d73e
	0x7ff679714e3f
	0x7ff6796fb7e4
	0x7ff6796fb99f
	0x7ff6796e1908
	0x7ff88b53e8d7
	0x7ff88ca8c53c

https://store.steampowered.com/app/1281590/The_Dark_Pictures_Anthology_House_of_Ashes/ | Message: no such element: Unable to locate element: {"method":"css selector","selector":".apphub_AppName"}
  (Session info: chrome=142.0.7444.60); For documentation on this error, please visit: https://www.selenium.dev/documentation/webdriver/troubleshooting/errors#nosuchelementexception
Stacktrace:
Symbols not available. Dumping unresolved backtrace:
	0x7ff67999a235
	0x7ff6796f2650
	0x7ff6794816dd
	0x7ff6794da27e
	0x7ff6794da58c
	0x7ff67952ed77
	0x7ff67952baba
	0x7ff6794cb0ed
	0x7ff6794cbf63
	0x7ff6799c5d60
	0x7ff6799bfe8a
	0x7ff6799e1005
	0x7ff67970d73e
	0x7ff679714e3f
	0x7ff6796fb7e4
	0x7ff6796fb99f
	0x7ff6796e1908
	0x7ff88b53e8d7
	0x7ff88ca8c53c

https://store.steampowered.com/app/1294760/HARD_BULLET/ | Message: no such element: Unable to locate element: {"method":"css selector","selector":".apphub_AppName"}
  (Session info: chrome=142.0.7444.60); For documentation on this error, please visit: https://www.selenium.dev/documentation/webdriver/troubleshooting/errors#nosuchelementexception
Stacktrace:
Symbols not available. Dumping unresolved backtrace:
	0x7ff67999a235
	0x7ff6796f2650
	0x7ff6794816dd
	0x7ff6794da27e
	0x7ff6794da58c
	0x7ff67952ed77
	0x7ff67952baba
	0x7ff6794cb0ed
	0x7ff6794cbf63
	0x7ff6799c5d60
	0x7ff6799bfe8a
	0x7ff6799e1005
	0x7ff67970d73e
	0x7ff679714e3f
	0x7ff6796fb7e4
	0x7ff6796fb99f
	0x7ff6796e1908
	0x7ff88b53e8d7
	0x7ff88ca8c53c

https://store.steampowered.com/app/1530760/Kajgrad/ | Message: no such element: Unable to locate element: {"method":"css selector","selector":".apphub_AppName"}
  (Session info: chrome=142.0.7444.60); For documentation on this error, please visit: https://www.selenium.dev/documentation/webdriver/troubleshooting/errors#nosuchelementexception
Stacktrace:
Symbols not available. Dumping unresolved backtrace:
	0x7ff67999a235
	0x7ff6796f2650
	0x7ff6794816dd
	0x7ff6794da27e
	0x7ff6794da58c
	0x7ff67952ed77
	0x7ff67952baba
	0x7ff6794cb0ed
	0x7ff6794cbf63
	0x7ff6799c5d60
	0x7ff6799bfe8a
	0x7ff6799e1005
	0x7ff67970d73e
	0x7ff679714e3f
	0x7ff6796fb7e4
	0x7ff6796fb99f
	0x7ff6796e1908
	0x7ff88b53e8d7
	0x7ff88ca8c53c

https://store.steampowered.com/app/1556200/Predator_Hunting_Grounds/ | Message: no such element: Unable to locate element: {"method":"css selector","selector":".apphub_AppName"}
  (Session info: chrome=142.0.7444.60); For documentation on this error, please visit: https://www.selenium.dev/documentation/webdriver/troubleshooting/errors#nosuchelementexception
Stacktrace:
Symbols not available. Dumping unresolved backtrace:
	0x7ff67999a235
	0x7ff6796f2650
	0x7ff6794816dd
	0x7ff6794da27e
	0x7ff6794da58c
	0x7ff67952ed77
	0x7ff67952baba
	0x7ff6794cb0ed
	0x7ff6794cbf63
	0x7ff6799c5d60
	0x7ff6799bfe8a
	0x7ff6799e1005
	0x7ff67970d73e
	0x7ff679714e3f
	0x7ff6796fb7e4
	0x7ff6796fb99f
	0x7ff6796e1908
	0x7ff88b53e8d7
	0x7ff88ca8c53c

https://store.steampowered.com/app/1659040/HITMAN_World_of_Assassination/ | Message: no such element: Unable to locate element: {"method":"css selector","selector":".apphub_AppName"}
  (Session info: chrome=142.0.7444.60); For documentation on this error, please visit: https://www.selenium.dev/documentation/webdriver/troubleshooting/errors#nosuchelementexception
Stacktrace:
Symbols not available. Dumping unresolved backtrace:
	0x7ff67999a235
	0x7ff6796f2650
	0x7ff6794816dd
	0x7ff6794da27e
	0x7ff6794da58c
	0x7ff67952ed77
	0x7ff67952baba
	0x7ff6794cb0ed
	0x7ff6794cbf63
	0x7ff6799c5d60
	0x7ff6799bfe8a
	0x7ff6799e1005
	0x7ff67970d73e
	0x7ff679714e3f
	0x7ff6796fb7e4
	0x7ff6796fb99f
	0x7ff6796e1908
	0x7ff88b53e8d7
	0x7ff88ca8c53c

https://store.steampowered.com/app/210770/Sanctum_2/ | Message: no such element: Unable to locate element: {"method":"css selector","selector":".apphub_AppName"}
  (Session info: chrome=142.0.7444.60); For documentation on this error, please visit: https://www.selenium.dev/documentation/webdriver/troubleshooting/errors#nosuchelementexception
Stacktrace:
Symbols not available. Dumping unresolved backtrace:
	0x7ff67999a235
	0x7ff6796f2650
	0x7ff6794816dd
	0x7ff6794da27e
	0x7ff6794da58c
	0x7ff67952ed77
	0x7ff67952baba
	0x7ff6794cb0ed
	0x7ff6794cbf63
	0x7ff6799c5d60
	0x7ff6799bfe8a
	0x7ff6799e1005
	0x7ff67970d73e
	0x7ff679714e3f
	0x7ff6796fb7e4
	0x7ff6796fb99f
	0x7ff6796e1908
	0x7ff88b53e8d7
	0x7ff88ca8c53c

https://store.steampowered.com/app/2113040/RUNGORE/ | Message: no such element: Unable to locate element: {"method":"css selector","selector":".apphub_AppName"}
  (Session info: chrome=142.0.7444.60); For documentation on this error, please visit: https://www.selenium.dev/documentation/webdriver/troubleshooting/errors#nosuchelementexception
Stacktrace:
Symbols not available. Dumping unresolved backtrace:
	0x7ff67999a235
	0x7ff6796f2650
	0x7ff6794816dd
	0x7ff6794da27e
	0x7ff6794da58c
	0x7ff67952ed77
	0x7ff67952baba
	0x7ff6794cb0ed
	0x7ff6794cbf63
	0x7ff6799c5d60
	0x7ff6799bfe8a
	0x7ff6799e1005
	0x7ff67970d73e
	0x7ff679714e3f
	0x7ff6796fb7e4
	0x7ff6796fb99f
	0x7ff6796e1908
	0x7ff88b53e8d7
	0x7ff88ca8c53c

https://store.steampowered.com/app/2118540/My_Big_Sister_Remastered/ | Message: no such element: Unable to locate element: {"method":"css selector","selector":".apphub_AppName"}
  (Session info: chrome=142.0.7444.60); For documentation on this error, please visit: https://www.selenium.dev/documentation/webdriver/troubleshooting/errors#nosuchelementexception
Stacktrace:
Symbols not available. Dumping unresolved backtrace:
	0x7ff67999a235
	0x7ff6796f2650
	0x7ff6794816dd
	0x7ff6794da27e
	0x7ff6794da58c
	0x7ff67952ed77
	0x7ff67952baba
	0x7ff6794cb0ed
	0x7ff6794cbf63
	0x7ff6799c5d60
	0x7ff6799bfe8a
	0x7ff6799e1005
	0x7ff67970d73e
	0x7ff679714e3f
	0x7ff6796fb7e4
	0x7ff6796fb99f
	0x7ff6796e1908
	0x7ff88b53e8d7
	0x7ff88ca8c53c

https://store.steampowered.com/app/2128330/The_Immolate/ | Message: no such element: Unable to locate element: {"method":"css selector","selector":".apphub_AppName"}
  (Session info: chrome=142.0.7444.60); For documentation on this error, please visit: https://www.selenium.dev/documentation/webdriver/troubleshooting/errors#nosuchelementexception
Stacktrace:
Symbols not available. Dumping unresolved backtrace:
	0x7ff67999a235
	0x7ff6796f2650
	0x7ff6794816dd
	0x7ff6794da27e
	0x7ff6794da58c
	0x7ff67952ed77
	0x7ff67952baba
	0x7ff6794cb0ed
	0x7ff6794cbf63
	0x7ff6799c5d60
	0x7ff6799bfe8a
	0x7ff6799e1005
	0x7ff67970d73e
	0x7ff679714e3f
	0x7ff6796fb7e4
	0x7ff6796fb99f
	0x7ff6796e1908
	0x7ff88b53e8d7
	0x7ff88ca8c53c

https://store.steampowered.com/app/225540/Just_Cause_3/ | Message: no such element: Unable to locate element: {"method":"css selector","selector":".apphub_AppName"}
  (Session info: chrome=142.0.7444.60); For documentation on this error, please visit: https://www.selenium.dev/documentation/webdriver/troubleshooting/errors#nosuchelementexception
Stacktrace:
Symbols not available. Dumping unresolved backtrace:
	0x7ff67999a235
	0x7ff6796f2650
	0x7ff6794816dd
	0x7ff6794da27e
	0x7ff6794da58c
	0x7ff67952ed77
	0x7ff67952baba
	0x7ff6794cb0ed
	0x7ff6794cbf63
	0x7ff6799c5d60
	0x7ff6799bfe8a
	0x7ff6799e1005
	0x7ff67970d73e
	0x7ff679714e3f
	0x7ff6796fb7e4
	0x7ff6796fb99f
	0x7ff6796e1908
	0x7ff88b53e8d7
	0x7ff88ca8c53c

https://store.steampowered.com/app/2656520/Mycelium_Heaven/ | Message: invalid session id: session deleted as the browser has closed the connection
from disconnected: Unable to receive message from renderer
  (Session info: chrome=142.0.7444.60); For documentation on this error, please visit: https://www.selenium.dev/documentation/webdriver/troubleshooting/errors#invalidsessionidexception
Stacktrace:
Symbols not available. Dumping unresolved backtrace:
	0x7ff67999a235
	0x7ff6796f2650
	0x7ff6794816dd
	0x7ff67946e8ed
	0x7ff67946e5db
	0x7ff67946c145
	0x7ff67946c9dc
	0x7ff6794859ea
	0x7ff67952c8be
	0x7ff679502b0a
	0x7ff67952baba
	0x7ff6794cb0ed
	0x7ff6794cbf63
	0x7ff6799c5d60
	0x7ff6799bfe8a
	0x7ff6799e1005
	0x7ff67970d73e
	0x7ff679714e3f
	0x7ff6796fb7e4
	0x7ff6796fb99f
	0x7ff6796e1908
	0x7ff88b53e8d7
	0x7ff88ca8c53c

https://store.steampowered.com/app/2646460/Soulmask/ | Message: invalid session id: session deleted as the browser has closed the connection
from disconnected: Unable to receive message from renderer
  (Session info: chrome=142.0.7444.60); For documentation on this error, please visit: https://www.selenium.dev/documentation/webdriver/troubleshooting/errors#invalidsessionidexception
Stacktrace:
Symbols not available. Dumping unresolved backtrace:
	0x7ff67999a235
	0x7ff6796f2650
	0x7ff6794816dd
	0x7ff67946e8ed
	0x7ff67946e5db
	0x7ff67946d40f
	0x7ff679491c01
	0x7ff67952be26
	0x7ff6794cb0ed
	0x7ff6794cbf63
	0x7ff6799c5d60
	0x7ff6799bfe8a
	0x7ff6799e1005
	0x7ff67970d73e
	0x7ff679714e3f
	0x7ff6796fb7e4
	0x7ff6796fb99f
	0x7ff6796e1908
	0x7ff88b53e8d7
	0x7ff88ca8c53c

https://store.steampowered.com/app/2653480/Shanshui_Haven/ | Message: invalid session id: session deleted as the browser has closed the connection
from disconnected: Unable to receive message from renderer
  (Session info: chrome=142.0.7444.60); For documentation on this error, please visit: https://www.selenium.dev/documentation/webdriver/troubleshooting/errors#invalidsessionidexception
Stacktrace:
Symbols not available. Dumping unresolved backtrace:
	0x7ff67999a235
	0x7ff6796f2650
	0x7ff6794816dd
	0x7ff67946e8ed
	0x7ff67946e5db
	0x7ff67946d40f
	0x7ff679491c01
	0x7ff67952be26
	0x7ff6794cb0ed
	0x7ff6794cbf63
	0x7ff6799c5d60
	0x7ff6799bfe8a
	0x7ff6799e1005
	0x7ff67970d73e
	0x7ff679714e3f
	0x7ff6796fb7e4
	0x7ff6796fb99f
	0x7ff6796e1908
	0x7ff88b53e8d7
	0x7ff88ca8c53c

https://store.steampowered.com/app/265330/Gomo/ | Message: invalid session id: session deleted as the browser has closed the connection
from disconnected: Unable to receive message from renderer
  (Session info: chrome=142.0.7444.60); For documentation on this error, please visit: https://www.selenium.dev/documentation/webdriver/troubleshooting/errors#invalidsessionidexception
Stacktrace:
Symbols not available. Dumping unresolved backtrace:
	0x7ff67999a235
	0x7ff6796f2650
	0x7ff6794816dd
	0x7ff67946e8ed
	0x7ff67946e5db
	0x7ff67946d40f
	0x7ff679491c01
	0x7ff67952b996
	0x7ff6794cb0ed
	0x7ff6794cbf63
	0x7ff6799c5d60
	0x7ff6799bfe8a
	0x7ff6799e1005
	0x7ff67970d73e
	0x7ff679714e3f
	0x7ff6796fb7e4
	0x7ff6796fb99f
	0x7ff6796e1908
	0x7ff88b53e8d7
	0x7ff88ca8c53c

https://store.steampowered.com/app/265470/Even_the_Ocean/ | Message: invalid session id: session deleted as the browser has closed the connection
from disconnected: Unable to receive message from renderer
  (Session info: chrome=142.0.7444.60); For documentation on this error, please visit: https://www.selenium.dev/documentation/webdriver/troubleshooting/errors#invalidsessionidexception
Stacktrace:
Symbols not available. Dumping unresolved backtrace:
	0x7ff67999a235
	0x7ff6796f2650
	0x7ff6794816dd
	0x7ff67946e8ed
	0x7ff67946e5db
	0x7ff67946d40f
	0x7ff679491c01
	0x7ff67952be26
	0x7ff6794cb0ed
	0x7ff6794cbf63
	0x7ff6799c5d60
	0x7ff6799bfe8a
	0x7ff6799e1005
	0x7ff67970d73e
	0x7ff679714e3f
	0x7ff6796fb7e4
	0x7ff6796fb99f
	0x7ff6796e1908
	0x7ff88b53e8d7
	0x7ff88ca8c53c

https://store.steampowered.com/app/287700/METAL_GEAR_SOLID_V_THE_PHANTOM_PAIN/ | Message: no such element: Unable to locate element: {"method":"css selector","selector":".apphub_AppName"}
  (Session info: chrome=142.0.7444.60); For documentation on this error, please visit: https://www.selenium.dev/documentation/webdriver/troubleshooting/errors#nosuchelementexception
Stacktrace:
Symbols not available. Dumping unresolved backtrace:
	0x7ff67999a235
	0x7ff6796f2650
	0x7ff6794816dd
	0x7ff6794da27e
	0x7ff6794da58c
	0x7ff67952ed77
	0x7ff67952baba
	0x7ff6794cb0ed
	0x7ff6794cbf63
	0x7ff6799c5d60
	0x7ff6799bfe8a
	0x7ff6799e1005
	0x7ff67970d73e
	0x7ff679714e3f
	0x7ff6796fb7e4
	0x7ff6796fb99f
	0x7ff6796e1908
	0x7ff88b53e8d7
	0x7ff88ca8c53c

https://store.steampowered.com/app/289260/Dreamscapes_The_Sandman__Premium_Edition/ | Message: unknown error: net::ERR_CONNECTION_TIMED_OUT
  (Session info: chrome=142.0.7444.60)
Stacktrace:
Symbols not available. Dumping unresolved backtrace:
	0x7ff67999a235
	0x7ff6796f2650
	0x7ff6794816dd
	0x7ff67947e228
	0x7ff67946eba9
	0x7ff6794709d7
	0x7ff67946f160
	0x7ff67946e917
	0x7ff67946e5db
	0x7ff67946c145
	0x7ff67946c9dc
	0x7ff6794859ea
	0x7ff67952c8be
	0x7ff679502b0a
	0x7ff67952baba
	0x7ff6794cb0ed
	0x7ff6794cbf63
	0x7ff6799c5d60
	0x7ff6799bfe8a
	0x7ff6799e1005
	0x7ff67970d73e
	0x7ff679714e3f
	0x7ff6796fb7e4
	0x7ff6796fb99f
	0x7ff6796e1908
	0x7ff88b53e8d7
	0x7ff88ca8c53c

https://store.steampowered.com/app/290080/Life_is_Feudal_Your_Own/ | Message: no such element: Unable to locate element: {"method":"css selector","selector":".apphub_AppName"}
  (Session info: chrome=142.0.7444.60); For documentation on this error, please visit: https://www.selenium.dev/documentation/webdriver/troubleshooting/errors#nosuchelementexception
Stacktrace:
Symbols not available. Dumping unresolved backtrace:
	0x7ff67999a235
	0x7ff6796f2650
	0x7ff6794816dd
	0x7ff6794da27e
	0x7ff6794da58c
	0x7ff67952ed77
	0x7ff67952baba
	0x7ff6794cb0ed
	0x7ff6794cbf63
	0x7ff6799c5d60
	0x7ff6799bfe8a
	0x7ff6799e1005
	0x7ff67970d73e
	0x7ff679714e3f
	0x7ff6796fb7e4
	0x7ff6796fb99f
	0x7ff6796e1908
	0x7ff88b53e8d7
	0x7ff88ca8c53c

https://store.steampowered.com/app/3061580/Otdelenie_38/ | Message: no such element: Unable to locate element: {"method":"css selector","selector":".apphub_AppName"}
  (Session info: chrome=142.0.7444.60); For documentation on this error, please visit: https://www.selenium.dev/documentation/webdriver/troubleshooting/errors#nosuchelementexception
Stacktrace:
Symbols not available. Dumping unresolved backtrace:
	0x7ff67999a235
	0x7ff6796f2650
	0x7ff6794816dd
	0x7ff6794da27e
	0x7ff6794da58c
	0x7ff67952ed77
	0x7ff67952baba
	0x7ff6794cb0ed
	0x7ff6794cbf63
	0x7ff6799c5d60
	0x7ff6799bfe8a
	0x7ff6799e1005
	0x7ff67970d73e
	0x7ff679714e3f
	0x7ff6796fb7e4
	0x7ff6796fb99f
	0x7ff6796e1908
	0x7ff88b53e8d7
	0x7ff88ca8c53c

https://store.steampowered.com/app/311340/METAL_GEAR_SOLID_V_GROUND_ZEROES/ | Message: no such element: Unable to locate element: {"method":"css selector","selector":".apphub_AppName"}
  (Session info: chrome=142.0.7444.60); For documentation on this error, please visit: https://www.selenium.dev/documentation/webdriver/troubleshooting/errors#nosuchelementexception
Stacktrace:
Symbols not available. Dumping unresolved backtrace:
	0x7ff67999a235
	0x7ff6796f2650
	0x7ff6794816dd
	0x7ff6794da27e
	0x7ff6794da58c
	0x7ff67952ed77
	0x7ff67952baba
	0x7ff6794cb0ed
	0x7ff6794cbf63
	0x7ff6799c5d60
	0x7ff6799bfe8a
	0x7ff6799e1005
	0x7ff67970d73e
	0x7ff679714e3f
	0x7ff6796fb7e4
	0x7ff6796fb99f
	0x7ff6796e1908
	0x7ff88b53e8d7
	0x7ff88ca8c53c

https://store.steampowered.com/app/3372420/LIBRITOPIA_Librarian_Simulator/ | HTTPConnectionPool(host='localhost', port=59254): Read timed out. (read timeout=120)
https://store.steampowered.com/app/3484310/Sumrak/ | Message: no such element: Unable to locate element: {"method":"css selector","selector":".apphub_AppName"}
  (Session info: chrome=142.0.7444.60); For documentation on this error, please visit: https://www.selenium.dev/documentation/webdriver/troubleshooting/errors#nosuchelementexception
Stacktrace:
Symbols not available. Dumping unresolved backtrace:
	0x7ff67999a235
	0x7ff6796f2650
	0x7ff6794816dd
	0x7ff6794da27e
	0x7ff6794da58c
	0x7ff67952ed77
	0x7ff67952baba
	0x7ff6794cb0ed
	0x7ff6794cbf63
	0x7ff6799c5d60
	0x7ff6799bfe8a
	0x7ff6799e1005
	0x7ff67970d73e
	0x7ff679714e3f
	0x7ff6796fb7e4
	0x7ff6796fb99f
	0x7ff6796e1908
	0x7ff88b53e8d7
	0x7ff88ca8c53c

https://store.steampowered.com/app/3566840/Bleak_Haven/ | Message: unknown error: net::ERR_CONNECTION_TIMED_OUT
  (Session info: chrome=142.0.7444.60)
Stacktrace:
Symbols not available. Dumping unresolved backtrace:
	0x7ff67999a235
	0x7ff6796f2650
	0x7ff6794816dd
	0x7ff67947e228
	0x7ff67946eba9
	0x7ff6794709d7
	0x7ff67946f160
	0x7ff67946e917
	0x7ff67946e5db
	0x7ff67946c145
	0x7ff67946c9dc
	0x7ff6794859ea
	0x7ff67952c8be
	0x7ff679502b0a
	0x7ff67952baba
	0x7ff6794cb0ed
	0x7ff6794cbf63
	0x7ff6799c5d60
	0x7ff6799bfe8a
	0x7ff6799e1005
	0x7ff67970d73e
	0x7ff679714e3f
	0x7ff6796fb7e4
	0x7ff6796fb99f
	0x7ff6796e1908
	0x7ff88b53e8d7
	0x7ff88ca8c53c

https://store.steampowered.com/app/39550/SpellForce_2__Anniversary_Edition/ | Message: no such element: Unable to locate element: {"method":"css selector","selector":".date"}
  (Session info: chrome=142.0.7444.60); For documentation on this error, please visit: https://www.selenium.dev/documentation/webdriver/troubleshooting/errors#nosuchelementexception
Stacktrace:
Symbols not available. Dumping unresolved backtrace:
	0x7ff67999a235
	0x7ff6796f2650
	0x7ff6794816dd
	0x7ff6794da27e
	0x7ff6794da58c
	0x7ff67952ed77
	0x7ff67952baba
	0x7ff6794cb0ed
	0x7ff6794cbf63
	0x7ff6799c5d60
	0x7ff6799bfe8a
	0x7ff6799e1005
	0x7ff67970d73e
	0x7ff679714e3f
	0x7ff6796fb7e4
	0x7ff6796fb99f
	0x7ff6796e1908
	0x7ff88b53e8d7
	0x7ff88ca8c53c

https://store.steampowered.com/app/458470/Grim_Legends_3_The_Dark_City/ | Message: unknown error: net::ERR_CONNECTION_TIMED_OUT
  (Session info: chrome=142.0.7444.60)
Stacktrace:
Symbols not available. Dumping unresolved backtrace:
	0x7ff67999a235
	0x7ff6796f2650
	0x7ff6794816dd
	0x7ff67947e228
	0x7ff67946eba9
	0x7ff6794709d7
	0x7ff67946f160
	0x7ff67946e917
	0x7ff67946e5db
	0x7ff67946c145
	0x7ff67946c9dc
	0x7ff6794859ea
	0x7ff67952c8be
	0x7ff679502b0a
	0x7ff67952baba
	0x7ff6794cb0ed
	0x7ff6794cbf63
	0x7ff6799c5d60
	0x7ff6799bfe8a
	0x7ff6799e1005
	0x7ff67970d73e
	0x7ff679714e3f
	0x7ff6796fb7e4
	0x7ff6796fb99f
	0x7ff6796e1908
	0x7ff88b53e8d7
	0x7ff88ca8c53c

https://store.steampowered.com/app/458430/Steel_Seed/ | Message: no such element: Unable to locate element: {"method":"css selector","selector":".apphub_AppName"}
  (Session info: chrome=142.0.7444.60); For documentation on this error, please visit: https://www.selenium.dev/documentation/webdriver/troubleshooting/errors#nosuchelementexception
Stacktrace:
Symbols not available. Dumping unresolved backtrace:
	0x7ff67999a235
	0x7ff6796f2650
	0x7ff6794816dd
	0x7ff6794da27e
	0x7ff6794da58c
	0x7ff67952ed77
	0x7ff67952baba
	0x7ff6794cb0ed
	0x7ff6794cbf63
	0x7ff6799c5d60
	0x7ff6799bfe8a
	0x7ff6799e1005
	0x7ff67970d73e
	0x7ff679714e3f
	0x7ff6796fb7e4
	0x7ff6796fb99f
	0x7ff6796e1908
	0x7ff88b53e8d7
	0x7ff88ca8c53c

https://store.steampowered.com/app/457140/Oxygen_Not_Included/ | HTTPConnectionPool(host='localhost', port=62664): Read timed out. (read timeout=120)
https://store.steampowered.com/app/457490/Forgotten_Not_Lost__A_Kinetic_Novel/ | HTTPConnectionPool(host='localhost', port=52631): Read timed out. (read timeout=120)
https://store.steampowered.com/app/461840/Zenge/ | Message: no such element: Unable to locate element: {"method":"css selector","selector":".apphub_AppName"}
  (Session info: chrome=142.0.7444.60); For documentation on this error, please visit: https://www.selenium.dev/documentation/webdriver/troubleshooting/errors#nosuchelementexception
Stacktrace:
Symbols not available. Dumping unresolved backtrace:
	0x7ff67999a235
	0x7ff6796f2650
	0x7ff6794816dd
	0x7ff6794da27e
	0x7ff6794da58c
	0x7ff67952ed77
	0x7ff67952baba
	0x7ff6794cb0ed
	0x7ff6794cbf63
	0x7ff6799c5d60
	0x7ff6799bfe8a
	0x7ff6799e1005
	0x7ff67970d73e
	0x7ff679714e3f
	0x7ff6796fb7e4
	0x7ff6796fb99f
	0x7ff6796e1908
	0x7ff88b53e8d7
	0x7ff88ca8c53c

https://store.steampowered.com/app/462580/New_Yankee_in_Santas_Service/ | Message: unknown error: net::ERR_NAME_NOT_RESOLVED
  (Session info: chrome=142.0.7444.60)
Stacktrace:
Symbols not available. Dumping unresolved backtrace:
	0x7ff67999a235
	0x7ff6796f2650
	0x7ff6794816dd
	0x7ff67947e228
	0x7ff67946eba9
	0x7ff6794709d7
	0x7ff67946f160
	0x7ff67946e917
	0x7ff67946e5db
	0x7ff67946c145
	0x7ff67946c9dc
	0x7ff6794859ea
	0x7ff67952c8be
	0x7ff679502b0a
	0x7ff67952baba
	0x7ff6794cb0ed
	0x7ff6794cbf63
	0x7ff6799c5d60
	0x7ff6799bfe8a
	0x7ff6799e1005
	0x7ff67970d73e
	0x7ff679714e3f
	0x7ff6796fb7e4
	0x7ff6796fb99f
	0x7ff6796e1908
	0x7ff88b53e8d7
	0x7ff88ca8c53c

https://store.steampowered.com/app/463270/Ghost_10/ | Message: unknown error: net::ERR_NAME_NOT_RESOLVED
  (Session info: chrome=142.0.7444.60)
Stacktrace:
Symbols not available. Dumping unresolved backtrace:
	0x7ff67999a235
	0x7ff6796f2650
	0x7ff6794816dd
	0x7ff67947e228
	0x7ff67946eba9
	0x7ff6794709d7
	0x7ff67946f160
	0x7ff67946e917
	0x7ff67946e5db
	0x7ff67946c145
	0x7ff67946c9dc
	0x7ff6794859ea
	0x7ff67952c8be
	0x7ff679502b0a
	0x7ff67952baba
	0x7ff6794cb0ed
	0x7ff6794cbf63
	0x7ff6799c5d60
	0x7ff6799bfe8a
	0x7ff6799e1005
	0x7ff67970d73e
	0x7ff679714e3f
	0x7ff6796fb7e4
	0x7ff6796fb99f
	0x7ff6796e1908
	0x7ff88b53e8d7
	0x7ff88ca8c53c

https://store.steampowered.com/app/46350/Real_Warfare_1242/ | Message: unknown error: net::ERR_NAME_NOT_RESOLVED
  (Session info: chrome=142.0.7444.60)
Stacktrace:
Symbols not available. Dumping unresolved backtrace:
	0x7ff67999a235
	0x7ff6796f2650
	0x7ff6794816dd
	0x7ff67947e228
	0x7ff67946eba9
	0x7ff6794709d7
	0x7ff67946f160
	0x7ff67946e917
	0x7ff67946e5db
	0x7ff67946c145
	0x7ff67946c9dc
	0x7ff6794859ea
	0x7ff67952c8be
	0x7ff679502b0a
	0x7ff67952baba
	0x7ff6794cb0ed
	0x7ff6794cbf63
	0x7ff6799c5d60
	0x7ff6799bfe8a
	0x7ff6799e1005
	0x7ff67970d73e
	0x7ff679714e3f
	0x7ff6796fb7e4
	0x7ff6796fb99f
	0x7ff6796e1908
	0x7ff88b53e8d7
	0x7ff88ca8c53c

https://store.steampowered.com/app/460060/Varenje/ | HTTPConnectionPool(host='localhost', port=52194): Read timed out. (read timeout=120)
https://store.steampowered.com/app/461620/Predynastic_Egypt/ | HTTPConnectionPool(host='localhost', port=62192): Read timed out. (read timeout=120)
https://store.steampowered.com/app/533780/Zombie_Defense/ | Message: no such element: Unable to locate element: {"method":"css selector","selector":".apphub_AppName"}
  (Session info: chrome=142.0.7444.60); For documentation on this error, please visit: https://www.selenium.dev/documentation/webdriver/troubleshooting/errors#nosuchelementexception
Stacktrace:
Symbols not available. Dumping unresolved backtrace:
	0x7ff67999a235
	0x7ff6796f2650
	0x7ff6794816dd
	0x7ff6794da27e
	0x7ff6794da58c
	0x7ff67952ed77
	0x7ff67952baba
	0x7ff6794cb0ed
	0x7ff6794cbf63
	0x7ff6799c5d60
	0x7ff6799bfe8a
	0x7ff6799e1005
	0x7ff67970d73e
	0x7ff679714e3f
	0x7ff6796fb7e4
	0x7ff6796fb99f
	0x7ff6796e1908
	0x7ff88b53e8d7
	0x7ff88ca8c53c

https://store.steampowered.com/app/534290/Cursed_Castilla_Maldita_Castilla_EX/ | Message: no such element: Unable to locate element: {"method":"css selector","selector":".apphub_AppName"}
  (Session info: chrome=142.0.7444.60); For documentation on this error, please visit: https://www.selenium.dev/documentation/webdriver/troubleshooting/errors#nosuchelementexception
Stacktrace:
Symbols not available. Dumping unresolved backtrace:
	0x7ff67999a235
	0x7ff6796f2650
	0x7ff6794816dd
	0x7ff6794da27e
	0x7ff6794da58c
	0x7ff67952ed77
	0x7ff67952baba
	0x7ff6794cb0ed
	0x7ff6794cbf63
	0x7ff6799c5d60
	0x7ff6799bfe8a
	0x7ff6799e1005
	0x7ff67970d73e
	0x7ff679714e3f
	0x7ff6796fb7e4
	0x7ff6796fb99f
	0x7ff6796e1908
	0x7ff88b53e8d7
	0x7ff88ca8c53c

https://store.steampowered.com/app/533050/Lazy_Galaxy_Rebel_Story/ | Message: no such element: Unable to locate element: {"method":"css selector","selector":".apphub_AppName"}
  (Session info: chrome=142.0.7444.60); For documentation on this error, please visit: https://www.selenium.dev/documentation/webdriver/troubleshooting/errors#nosuchelementexception
Stacktrace:
Symbols not available. Dumping unresolved backtrace:
	0x7ff67999a235
	0x7ff6796f2650
	0x7ff6794816dd
	0x7ff6794da27e
	0x7ff6794da58c
	0x7ff67952ed77
	0x7ff67952baba
	0x7ff6794cb0ed
	0x7ff6794cbf63
	0x7ff6799c5d60
	0x7ff6799bfe8a
	0x7ff6799e1005
	0x7ff67970d73e
	0x7ff679714e3f
	0x7ff6796fb7e4
	0x7ff6796fb99f
	0x7ff6796e1908
	0x7ff88b53e8d7
	0x7ff88ca8c53c

https://store.steampowered.com/app/534560/Ramify/ | Message: no such element: Unable to locate element: {"method":"css selector","selector":".apphub_AppName"}
  (Session info: chrome=142.0.7444.60); For documentation on this error, please visit: https://www.selenium.dev/documentation/webdriver/troubleshooting/errors#nosuchelementexception
Stacktrace:
Symbols not available. Dumping unresolved backtrace:
	0x7ff67999a235
	0x7ff6796f2650
	0x7ff6794816dd
	0x7ff6794da27e
	0x7ff6794da58c
	0x7ff67952ed77
	0x7ff67952baba
	0x7ff6794cb0ed
	0x7ff6794cbf63
	0x7ff6799c5d60
	0x7ff6799bfe8a
	0x7ff6799e1005
	0x7ff67970d73e
	0x7ff679714e3f
	0x7ff6796fb7e4
	0x7ff6796fb99f
	0x7ff6796e1908
	0x7ff88b53e8d7
	0x7ff88ca8c53c

https://store.steampowered.com/app/536220/The_Walking_Dead_A_New_Frontier/ | Message: no such element: Unable to locate element: {"method":"css selector","selector":".apphub_AppName"}
  (Session info: chrome=142.0.7444.60); For documentation on this error, please visit: https://www.selenium.dev/documentation/webdriver/troubleshooting/errors#nosuchelementexception
Stacktrace:
Symbols not available. Dumping unresolved backtrace:
	0x7ff67999a235
	0x7ff6796f2650
	0x7ff6794816dd
	0x7ff6794da27e
	0x7ff6794da58c
	0x7ff67952ed77
	0x7ff67952baba
	0x7ff6794cb0ed
	0x7ff6794cbf63
	0x7ff6799c5d60
	0x7ff6799bfe8a
	0x7ff6799e1005
	0x7ff67970d73e
	0x7ff679714e3f
	0x7ff6796fb7e4
	0x7ff6796fb99f
	0x7ff6796e1908
	0x7ff88b53e8d7
	0x7ff88ca8c53c

https://store.steampowered.com/app/536430/The_Revenge_of_Johnny_Bonasera_Episode_1/ | Message: no such element: Unable to locate element: {"method":"css selector","selector":".apphub_AppName"}
  (Session info: chrome=142.0.7444.60); For documentation on this error, please visit: https://www.selenium.dev/documentation/webdriver/troubleshooting/errors#nosuchelementexception
Stacktrace:
Symbols not available. Dumping unresolved backtrace:
	0x7ff67999a235
	0x7ff6796f2650
	0x7ff6794816dd
	0x7ff6794da27e
	0x7ff6794da58c
	0x7ff67952ed77
	0x7ff67952baba
	0x7ff6794cb0ed
	0x7ff6794cbf63
	0x7ff6799c5d60
	0x7ff6799bfe8a
	0x7ff6799e1005
	0x7ff67970d73e
	0x7ff679714e3f
	0x7ff6796fb7e4
	0x7ff6796fb99f
	0x7ff6796e1908
	0x7ff88b53e8d7
	0x7ff88ca8c53c

https://store.steampowered.com/app/536780/Lost_Grimoires_Stolen_Kingdom/ | Message: no such element: Unable to locate element: {"method":"css selector","selector":".apphub_AppName"}
  (Session info: chrome=142.0.7444.60); For documentation on this error, please visit: https://www.selenium.dev/documentation/webdriver/troubleshooting/errors#nosuchelementexception
Stacktrace:
Symbols not available. Dumping unresolved backtrace:
	0x7ff67999a235
	0x7ff6796f2650
	0x7ff6794816dd
	0x7ff6794da27e
	0x7ff6794da58c
	0x7ff67952ed77
	0x7ff67952baba
	0x7ff6794cb0ed
	0x7ff6794cbf63
	0x7ff6799c5d60
	0x7ff6799bfe8a
	0x7ff6799e1005
	0x7ff67970d73e
	0x7ff679714e3f
	0x7ff6796fb7e4
	0x7ff6796fb99f
	0x7ff6796e1908
	0x7ff88b53e8d7
	0x7ff88ca8c53c

https://store.steampowered.com/app/559900/Gulman_4_Still_alive/ | Message: no such element: Unable to locate element: {"method":"css selector","selector":".apphub_AppName"}
  (Session info: chrome=142.0.7444.60); For documentation on this error, please visit: https://www.selenium.dev/documentation/webdriver/troubleshooting/errors#nosuchelementexception
Stacktrace:
Symbols not available. Dumping unresolved backtrace:
	0x7ff67999a235
	0x7ff6796f2650
	0x7ff6794816dd
	0x7ff6794da27e
	0x7ff6794da58c
	0x7ff67952ed77
	0x7ff67952baba
	0x7ff6794cb0ed
	0x7ff6794cbf63
	0x7ff6799c5d60
	0x7ff6799bfe8a
	0x7ff6799e1005
	0x7ff67970d73e
	0x7ff679714e3f
	0x7ff6796fb7e4
	0x7ff6796fb99f
	0x7ff6796e1908
	0x7ff88b53e8d7
	0x7ff88ca8c53c

https://store.steampowered.com/app/564310/Serious_Sam_Fusion_2017_beta/ | Message: no such element: Unable to locate element: {"method":"css selector","selector":".date"}
  (Session info: chrome=142.0.7444.60); For documentation on this error, please visit: https://www.selenium.dev/documentation/webdriver/troubleshooting/errors#nosuchelementexception
Stacktrace:
Symbols not available. Dumping unresolved backtrace:
	0x7ff67999a235
	0x7ff6796f2650
	0x7ff6794816dd
	0x7ff6794da27e
	0x7ff6794da58c
	0x7ff67952ed77
	0x7ff67952baba
	0x7ff6794cb0ed
	0x7ff6794cbf63
	0x7ff6799c5d60
	0x7ff6799bfe8a
	0x7ff6799e1005
	0x7ff67970d73e
	0x7ff679714e3f
	0x7ff6796fb7e4
	0x7ff6796fb99f
	0x7ff6796e1908
	0x7ff88b53e8d7
	0x7ff88ca8c53c

https://store.steampowered.com/app/596950/Rat_Simulator/ | Message: no such element: Unable to locate element: {"method":"css selector","selector":".apphub_AppName"}
  (Session info: chrome=142.0.7444.60); For documentation on this error, please visit: https://www.selenium.dev/documentation/webdriver/troubleshooting/errors#nosuchelementexception
Stacktrace:
Symbols not available. Dumping unresolved backtrace:
	0x7ff67999a235
	0x7ff6796f2650
	0x7ff6794816dd
	0x7ff6794da27e
	0x7ff6794da58c
	0x7ff67952ed77
	0x7ff67952baba
	0x7ff6794cb0ed
	0x7ff6794cbf63
	0x7ff6799c5d60
	0x7ff6799bfe8a
	0x7ff6799e1005
	0x7ff67970d73e
	0x7ff679714e3f
	0x7ff6796fb7e4
	0x7ff6796fb99f
	0x7ff6796e1908
	0x7ff88b53e8d7
	0x7ff88ca8c53c

https://store.steampowered.com/app/595260/Heat_Guardian/ | Message: no such element: Unable to locate element: {"method":"css selector","selector":".apphub_AppName"}
  (Session info: chrome=142.0.7444.60); For documentation on this error, please visit: https://www.selenium.dev/documentation/webdriver/troubleshooting/errors#nosuchelementexception
Stacktrace:
Symbols not available. Dumping unresolved backtrace:
	0x7ff67999a235
	0x7ff6796f2650
	0x7ff6794816dd
	0x7ff6794da27e
	0x7ff6794da58c
	0x7ff67952ed77
	0x7ff67952baba
	0x7ff6794cb0ed
	0x7ff6794cbf63
	0x7ff6799c5d60
	0x7ff6799bfe8a
	0x7ff6799e1005
	0x7ff67970d73e
	0x7ff679714e3f
	0x7ff6796fb7e4
	0x7ff6796fb99f
	0x7ff6796e1908
	0x7ff88b53e8d7
	0x7ff88ca8c53c

https://store.steampowered.com/app/597170/Clone_Drone_in_the_Danger_Zone/ | Message: no such element: Unable to locate element: {"method":"css selector","selector":".apphub_AppName"}
  (Session info: chrome=142.0.7444.60); For documentation on this error, please visit: https://www.selenium.dev/documentation/webdriver/troubleshooting/errors#nosuchelementexception
Stacktrace:
Symbols not available. Dumping unresolved backtrace:
	0x7ff67999a235
	0x7ff6796f2650
	0x7ff6794816dd
	0x7ff6794da27e
	0x7ff6794da58c
	0x7ff67952ed77
	0x7ff67952baba
	0x7ff6794cb0ed
	0x7ff6794cbf63
	0x7ff6799c5d60
	0x7ff6799bfe8a
	0x7ff6799e1005
	0x7ff67970d73e
	0x7ff679714e3f
	0x7ff6796fb7e4
	0x7ff6796fb99f
	0x7ff6796e1908
	0x7ff88b53e8d7
	0x7ff88ca8c53c

https://store.steampowered.com/app/597180/Old_World/ | Message: no such element: Unable to locate element: {"method":"css selector","selector":".apphub_AppName"}
  (Session info: chrome=142.0.7444.60); For documentation on this error, please visit: https://www.selenium.dev/documentation/webdriver/troubleshooting/errors#nosuchelementexception
Stacktrace:
Symbols not available. Dumping unresolved backtrace:
	0x7ff67999a235
	0x7ff6796f2650
	0x7ff6794816dd
	0x7ff6794da27e
	0x7ff6794da58c
	0x7ff67952ed77
	0x7ff67952baba
	0x7ff6794cb0ed
	0x7ff6794cbf63
	0x7ff6799c5d60
	0x7ff6799bfe8a
	0x7ff6799e1005
	0x7ff67970d73e
	0x7ff679714e3f
	0x7ff6796fb7e4
	0x7ff6796fb99f
	0x7ff6796e1908
	0x7ff88b53e8d7
	0x7ff88ca8c53c

https://store.steampowered.com/app/597700/OVIVO/ | Message: no such element: Unable to locate element: {"method":"css selector","selector":".apphub_AppName"}
  (Session info: chrome=142.0.7444.60); For documentation on this error, please visit: https://www.selenium.dev/documentation/webdriver/troubleshooting/errors#nosuchelementexception
Stacktrace:
Symbols not available. Dumping unresolved backtrace:
	0x7ff67999a235
	0x7ff6796f2650
	0x7ff6794816dd
	0x7ff6794da27e
	0x7ff6794da58c
	0x7ff67952ed77
	0x7ff67952baba
	0x7ff6794cb0ed
	0x7ff6794cbf63
	0x7ff6799c5d60
	0x7ff6799bfe8a
	0x7ff6799e1005
	0x7ff67970d73e
	0x7ff679714e3f
	0x7ff6796fb7e4
	0x7ff6796fb99f
	0x7ff6796e1908
	0x7ff88b53e8d7
	0x7ff88ca8c53c

https://store.steampowered.com/app/597760/Yuppie_Psycho_Executive_Edition/ | Message: no such element: Unable to locate element: {"method":"css selector","selector":".apphub_AppName"}
  (Session info: chrome=142.0.7444.60); For documentation on this error, please visit: https://www.selenium.dev/documentation/webdriver/troubleshooting/errors#nosuchelementexception
Stacktrace:
Symbols not available. Dumping unresolved backtrace:
	0x7ff67999a235
	0x7ff6796f2650
	0x7ff6794816dd
	0x7ff6794da27e
	0x7ff6794da58c
	0x7ff67952ed77
	0x7ff67952baba
	0x7ff6794cb0ed
	0x7ff6794cbf63
	0x7ff6799c5d60
	0x7ff6799bfe8a
	0x7ff6799e1005
	0x7ff67970d73e
	0x7ff679714e3f
	0x7ff6796fb7e4
	0x7ff6796fb99f
	0x7ff6796e1908
	0x7ff88b53e8d7
	0x7ff88ca8c53c

https://store.steampowered.com/app/598700/The_Vagrant/ | Message: no such element: Unable to locate element: {"method":"css selector","selector":".apphub_AppName"}
  (Session info: chrome=142.0.7444.60); For documentation on this error, please visit: https://www.selenium.dev/documentation/webdriver/troubleshooting/errors#nosuchelementexception
Stacktrace:
Symbols not available. Dumping unresolved backtrace:
	0x7ff67999a235
	0x7ff6796f2650
	0x7ff6794816dd
	0x7ff6794da27e
	0x7ff6794da58c
	0x7ff67952ed77
	0x7ff67952baba
	0x7ff6794cb0ed
	0x7ff6794cbf63
	0x7ff6799c5d60
	0x7ff6799bfe8a
	0x7ff6799e1005
	0x7ff67970d73e
	0x7ff679714e3f
	0x7ff6796fb7e4
	0x7ff6796fb99f
	0x7ff6796e1908
	0x7ff88b53e8d7
	0x7ff88ca8c53c

https://store.steampowered.com/app/598940/Doodle_Mafia/ | Message: no such element: Unable to locate element: {"method":"css selector","selector":".apphub_AppName"}
  (Session info: chrome=142.0.7444.60); For documentation on this error, please visit: https://www.selenium.dev/documentation/webdriver/troubleshooting/errors#nosuchelementexception
Stacktrace:
Symbols not available. Dumping unresolved backtrace:
	0x7ff67999a235
	0x7ff6796f2650
	0x7ff6794816dd
	0x7ff6794da27e
	0x7ff6794da58c
	0x7ff67952ed77
	0x7ff67952baba
	0x7ff6794cb0ed
	0x7ff6794cbf63
	0x7ff6799c5d60
	0x7ff6799bfe8a
	0x7ff6799e1005
	0x7ff67970d73e
	0x7ff679714e3f
	0x7ff6796fb7e4
	0x7ff6796fb99f
	0x7ff6796e1908
	0x7ff88b53e8d7
	0x7ff88ca8c53c

https://store.steampowered.com/app/598070/Nevrosa_Prelude/ | Message: no such element: Unable to locate element: {"method":"css selector","selector":".apphub_AppName"}
  (Session info: chrome=142.0.7444.60); For documentation on this error, please visit: https://www.selenium.dev/documentation/webdriver/troubleshooting/errors#nosuchelementexception
Stacktrace:
Symbols not available. Dumping unresolved backtrace:
	0x7ff67999a235
	0x7ff6796f2650
	0x7ff6794816dd
	0x7ff6794da27e
	0x7ff6794da58c
	0x7ff67952ed77
	0x7ff67952baba
	0x7ff6794cb0ed
	0x7ff6794cbf63
	0x7ff6799c5d60
	0x7ff6799bfe8a
	0x7ff6799e1005
	0x7ff67970d73e
	0x7ff679714e3f
	0x7ff6796fb7e4
	0x7ff6796fb99f
	0x7ff6796e1908
	0x7ff88b53e8d7
	0x7ff88ca8c53c

https://store.steampowered.com/app/618470/Qbik/ | Message: no such element: Unable to locate element: {"method":"css selector","selector":".apphub_AppName"}
  (Session info: chrome=142.0.7444.60); For documentation on this error, please visit: https://www.selenium.dev/documentation/webdriver/troubleshooting/errors#nosuchelementexception
Stacktrace:
Symbols not available. Dumping unresolved backtrace:
	0x7ff67999a235
	0x7ff6796f2650
	0x7ff6794816dd
	0x7ff6794da27e
	0x7ff6794da58c
	0x7ff67952ed77
	0x7ff67952baba
	0x7ff6794cb0ed
	0x7ff6794cbf63
	0x7ff6799c5d60
	0x7ff6799bfe8a
	0x7ff6799e1005
	0x7ff67970d73e
	0x7ff679714e3f
	0x7ff6796fb7e4
	0x7ff6796fb99f
	0x7ff6796e1908
	0x7ff88b53e8d7
	0x7ff88ca8c53c

https://store.steampowered.com/app/619540/Darkwater/ | Message: no such element: Unable to locate element: {"method":"css selector","selector":".apphub_AppName"}
  (Session info: chrome=142.0.7444.60); For documentation on this error, please visit: https://www.selenium.dev/documentation/webdriver/troubleshooting/errors#nosuchelementexception
Stacktrace:
Symbols not available. Dumping unresolved backtrace:
	0x7ff67999a235
	0x7ff6796f2650
	0x7ff6794816dd
	0x7ff6794da27e
	0x7ff6794da58c
	0x7ff67952ed77
	0x7ff67952baba
	0x7ff6794cb0ed
	0x7ff6794cbf63
	0x7ff6799c5d60
	0x7ff6799bfe8a
	0x7ff6799e1005
	0x7ff67970d73e
	0x7ff679714e3f
	0x7ff6796fb7e4
	0x7ff6796fb99f
	0x7ff6796e1908
	0x7ff88b53e8d7
	0x7ff88ca8c53c

https://store.steampowered.com/app/620/Portal_2/ | Message: no such element: Unable to locate element: {"method":"css selector","selector":".apphub_AppName"}
  (Session info: chrome=142.0.7444.60); For documentation on this error, please visit: https://www.selenium.dev/documentation/webdriver/troubleshooting/errors#nosuchelementexception
Stacktrace:
Symbols not available. Dumping unresolved backtrace:
	0x7ff67999a235
	0x7ff6796f2650
	0x7ff6794816dd
	0x7ff6794da27e
	0x7ff6794da58c
	0x7ff67952ed77
	0x7ff67952baba
	0x7ff6794cb0ed
	0x7ff6794cbf63
	0x7ff6799c5d60
	0x7ff6799bfe8a
	0x7ff6799e1005
	0x7ff67970d73e
	0x7ff679714e3f
	0x7ff6796fb7e4
	0x7ff6796fb99f
	0x7ff6796e1908
	0x7ff88b53e8d7
	0x7ff88ca8c53c

https://store.steampowered.com/app/640120/Youropa/ | Message: no such element: Unable to locate element: {"method":"css selector","selector":".apphub_AppName"}
  (Session info: chrome=142.0.7444.60); For documentation on this error, please visit: https://www.selenium.dev/documentation/webdriver/troubleshooting/errors#nosuchelementexception
Stacktrace:
Symbols not available. Dumping unresolved backtrace:
	0x7ff67999a235
	0x7ff6796f2650
	0x7ff6794816dd
	0x7ff6794da27e
	0x7ff6794da58c
	0x7ff67952ed77
	0x7ff67952baba
	0x7ff6794cb0ed
	0x7ff6794cbf63
	0x7ff6799c5d60
	0x7ff6799bfe8a
	0x7ff6799e1005
	0x7ff67970d73e
	0x7ff679714e3f
	0x7ff6796fb7e4
	0x7ff6796fb99f
	0x7ff6796e1908
	0x7ff88b53e8d7
	0x7ff88ca8c53c

https://store.steampowered.com/app/643810/Fugl_pticza/ | Message: no such element: Unable to locate element: {"method":"css selector","selector":".apphub_AppName"}
  (Session info: chrome=142.0.7444.60); For documentation on this error, please visit: https://www.selenium.dev/documentation/webdriver/troubleshooting/errors#nosuchelementexception
Stacktrace:
Symbols not available. Dumping unresolved backtrace:
	0x7ff67999a235
	0x7ff6796f2650
	0x7ff6794816dd
	0x7ff6794da27e
	0x7ff6794da58c
	0x7ff67952ed77
	0x7ff67952baba
	0x7ff6794cb0ed
	0x7ff6794cbf63
	0x7ff6799c5d60
	0x7ff6799bfe8a
	0x7ff6799e1005
	0x7ff67970d73e
	0x7ff679714e3f
	0x7ff6796fb7e4
	0x7ff6796fb99f
	0x7ff6796e1908
	0x7ff88b53e8d7
	0x7ff88ca8c53c

https://store.steampowered.com/app/643870/Kitten_Adventures_in_City_Park/ | Message: no such element: Unable to locate element: {"method":"css selector","selector":".apphub_AppName"}
  (Session info: chrome=142.0.7444.60); For documentation on this error, please visit: https://www.selenium.dev/documentation/webdriver/troubleshooting/errors#nosuchelementexception
Stacktrace:
Symbols not available. Dumping unresolved backtrace:
	0x7ff67999a235
	0x7ff6796f2650
	0x7ff6794816dd
	0x7ff6794da27e
	0x7ff6794da58c
	0x7ff67952ed77
	0x7ff67952baba
	0x7ff6794cb0ed
	0x7ff6794cbf63
	0x7ff6799c5d60
	0x7ff6799bfe8a
	0x7ff6799e1005
	0x7ff67970d73e
	0x7ff679714e3f
	0x7ff6796fb7e4
	0x7ff6796fb99f
	0x7ff6796e1908
	0x7ff88b53e8d7
	0x7ff88ca8c53c

https://store.steampowered.com/app/643200/Keep_in_Mind_Remastered/ | Message: no such element: Unable to locate element: {"method":"css selector","selector":".apphub_AppName"}
  (Session info: chrome=142.0.7444.60); For documentation on this error, please visit: https://www.selenium.dev/documentation/webdriver/troubleshooting/errors#nosuchelementexception
Stacktrace:
Symbols not available. Dumping unresolved backtrace:
	0x7ff67999a235
	0x7ff6796f2650
	0x7ff6794816dd
	0x7ff6794da27e
	0x7ff6794da58c
	0x7ff67952ed77
	0x7ff67952baba
	0x7ff6794cb0ed
	0x7ff6794cbf63
	0x7ff6799c5d60
	0x7ff6799bfe8a
	0x7ff6799e1005
	0x7ff67970d73e
	0x7ff679714e3f
	0x7ff6796fb7e4
	0x7ff6796fb99f
	0x7ff6796e1908
	0x7ff88b53e8d7
	0x7ff88ca8c53c

https://store.steampowered.com/app/641320/Cooking_Simulator/ | Message: no such element: Unable to locate element: {"method":"css selector","selector":".apphub_AppName"}
  (Session info: chrome=142.0.7444.60); For documentation on this error, please visit: https://www.selenium.dev/documentation/webdriver/troubleshooting/errors#nosuchelementexception
Stacktrace:
Symbols not available. Dumping unresolved backtrace:
	0x7ff67999a235
	0x7ff6796f2650
	0x7ff6794816dd
	0x7ff6794da27e
	0x7ff6794da58c
	0x7ff67952ed77
	0x7ff67952baba
	0x7ff6794cb0ed
	0x7ff6794cbf63
	0x7ff6799c5d60
	0x7ff6799bfe8a
	0x7ff6799e1005
	0x7ff67970d73e
	0x7ff679714e3f
	0x7ff6796fb7e4
	0x7ff6796fb99f
	0x7ff6796e1908
	0x7ff88b53e8d7
	0x7ff88ca8c53c

https://store.steampowered.com/app/643880/Strikey_Sisters/ | Message: no such element: Unable to locate element: {"method":"css selector","selector":".apphub_AppName"}
  (Session info: chrome=142.0.7444.60); For documentation on this error, please visit: https://www.selenium.dev/documentation/webdriver/troubleshooting/errors#nosuchelementexception
Stacktrace:
Symbols not available. Dumping unresolved backtrace:
	0x7ff67999a235
	0x7ff6796f2650
	0x7ff6794816dd
	0x7ff6794da27e
	0x7ff6794da58c
	0x7ff67952ed77
	0x7ff67952baba
	0x7ff6794cb0ed
	0x7ff6794cbf63
	0x7ff6799c5d60
	0x7ff6799bfe8a
	0x7ff6799e1005
	0x7ff67970d73e
	0x7ff679714e3f
	0x7ff6796fb7e4
	0x7ff6796fb99f
	0x7ff6796e1908
	0x7ff88b53e8d7
	0x7ff88ca8c53c

https://store.steampowered.com/app/645380/Heroes_of_Umbra/ | Message: no such element: Unable to locate element: {"method":"css selector","selector":".apphub_AppName"}
  (Session info: chrome=142.0.7444.60); For documentation on this error, please visit: https://www.selenium.dev/documentation/webdriver/troubleshooting/errors#nosuchelementexception
Stacktrace:
Symbols not available. Dumping unresolved backtrace:
	0x7ff67999a235
	0x7ff6796f2650
	0x7ff6794816dd
	0x7ff6794da27e
	0x7ff6794da58c
	0x7ff67952ed77
	0x7ff67952baba
	0x7ff6794cb0ed
	0x7ff6794cbf63
	0x7ff6799c5d60
	0x7ff6799bfe8a
	0x7ff6799e1005
	0x7ff67970d73e
	0x7ff679714e3f
	0x7ff6796fb7e4
	0x7ff6796fb99f
	0x7ff6796e1908
	0x7ff88b53e8d7
	0x7ff88ca8c53c

https://store.steampowered.com/app/707010/Will_To_Live_Online/ | Message: no such element: Unable to locate element: {"method":"css selector","selector":".apphub_AppName"}
  (Session info: chrome=142.0.7444.60); For documentation on this error, please visit: https://www.selenium.dev/documentation/webdriver/troubleshooting/errors#nosuchelementexception
Stacktrace:
Symbols not available. Dumping unresolved backtrace:
	0x7ff67999a235
	0x7ff6796f2650
	0x7ff6794816dd
	0x7ff6794da27e
	0x7ff6794da58c
	0x7ff67952ed77
	0x7ff67952baba
	0x7ff6794cb0ed
	0x7ff6794cbf63
	0x7ff6799c5d60
	0x7ff6799bfe8a
	0x7ff6799e1005
	0x7ff67970d73e
	0x7ff679714e3f
	0x7ff6796fb7e4
	0x7ff6796fb99f
	0x7ff6796e1908
	0x7ff88b53e8d7
	0x7ff88ca8c53c

https://store.steampowered.com/app/805610/Gulman_5/ | Message: no such element: Unable to locate element: {"method":"css selector","selector":".apphub_AppName"}
  (Session info: chrome=142.0.7444.60); For documentation on this error, please visit: https://www.selenium.dev/documentation/webdriver/troubleshooting/errors#nosuchelementexception
Stacktrace:
Symbols not available. Dumping unresolved backtrace:
	0x7ff67999a235
	0x7ff6796f2650
	0x7ff6794816dd
	0x7ff6794da27e
	0x7ff6794da58c
	0x7ff67952ed77
	0x7ff67952baba
	0x7ff6794cb0ed
	0x7ff6794cbf63
	0x7ff6799c5d60
	0x7ff6799bfe8a
	0x7ff6799e1005
	0x7ff67970d73e
	0x7ff679714e3f
	0x7ff6796fb7e4
	0x7ff6796fb99f
	0x7ff6796e1908
	0x7ff88b53e8d7
	0x7ff88ca8c53c

https://store.steampowered.com/app/870780/Control_Ultimate_Edition/ | Message: no such element: Unable to locate element: {"method":"css selector","selector":".apphub_AppName"}
  (Session info: chrome=142.0.7444.60); For documentation on this error, please visit: https://www.selenium.dev/documentation/webdriver/troubleshooting/errors#nosuchelementexception
Stacktrace:
Symbols not available. Dumping unresolved backtrace:
	0x7ff67999a235
	0x7ff6796f2650
	0x7ff6794816dd
	0x7ff6794da27e
	0x7ff6794da58c
	0x7ff67952ed77
	0x7ff67952baba
	0x7ff6794cb0ed
	0x7ff6794cbf63
	0x7ff6799c5d60
	0x7ff6799bfe8a
	0x7ff6799e1005
	0x7ff67970d73e
	0x7ff679714e3f
	0x7ff6796fb7e4
	0x7ff6796fb99f
	0x7ff6796e1908
	0x7ff88b53e8d7
	0x7ff88ca8c53c

https://store.steampowered.com/app/917840/Wintermoor_Tactics_Club/ | Message: no such element: Unable to locate element: {"method":"css selector","selector":".apphub_AppName"}
  (Session info: chrome=142.0.7444.60); For documentation on this error, please visit: https://www.selenium.dev/documentation/webdriver/troubleshooting/errors#nosuchelementexception
Stacktrace:
Symbols not available. Dumping unresolved backtrace:
	0x7ff67999a235
	0x7ff6796f2650
	0x7ff6794816dd
	0x7ff6794da27e
	0x7ff6794da58c
	0x7ff67952ed77
	0x7ff67952baba
	0x7ff6794cb0ed
	0x7ff6794cbf63
	0x7ff6799c5d60
	0x7ff6799bfe8a
	0x7ff6799e1005
	0x7ff67970d73e
	0x7ff679714e3f
	0x7ff6796fb7e4
	0x7ff6796fb99f
	0x7ff6796e1908
	0x7ff88b53e8d7
	0x7ff88ca8c53c

https://store.steampowered.com/app/919260/Final_Upgrade/ | Message: no such element: Unable to locate element: {"method":"css selector","selector":".apphub_AppName"}
  (Session info: chrome=142.0.7444.60); For documentation on this error, please visit: https://www.selenium.dev/documentation/webdriver/troubleshooting/errors#nosuchelementexception
Stacktrace:
Symbols not available. Dumping unresolved backtrace:
	0x7ff67999a235
	0x7ff6796f2650
	0x7ff6794816dd
	0x7ff6794da27e
	0x7ff6794da58c
	0x7ff67952ed77
	0x7ff67952baba
	0x7ff6794cb0ed
	0x7ff6794cbf63
	0x7ff6799c5d60
	0x7ff6799bfe8a
	0x7ff6799e1005
	0x7ff67970d73e
	0x7ff679714e3f
	0x7ff6796fb7e4
	0x7ff6796fb99f
	0x7ff6796e1908
	0x7ff88b53e8d7
	0x7ff88ca8c53c

https://store.steampowered.com/app/919640/Steel_Division_2/ | Message: no such element: Unable to locate element: {"method":"css selector","selector":".apphub_AppName"}
  (Session info: chrome=142.0.7444.60); For documentation on this error, please visit: https://www.selenium.dev/documentation/webdriver/troubleshooting/errors#nosuchelementexception
Stacktrace:
Symbols not available. Dumping unresolved backtrace:
	0x7ff67999a235
	0x7ff6796f2650
	0x7ff6794816dd
	0x7ff6794da27e
	0x7ff6794da58c
	0x7ff67952ed77
	0x7ff67952baba
	0x7ff6794cb0ed
	0x7ff6794cbf63
	0x7ff6799c5d60
	0x7ff6799bfe8a
	0x7ff6799e1005
	0x7ff67970d73e
	0x7ff679714e3f
	0x7ff6796fb7e4
	0x7ff6796fb99f
	0x7ff6796e1908
	0x7ff88b53e8d7
	0x7ff88ca8c53c

https://store.steampowered.com/app/91900/Post_Apocalyptic_Mayhem/ | Message: no such element: Unable to locate element: {"method":"css selector","selector":".apphub_AppName"}
  (Session info: chrome=142.0.7444.60); For documentation on this error, please visit: https://www.selenium.dev/documentation/webdriver/troubleshooting/errors#nosuchelementexception
Stacktrace:
Symbols not available. Dumping unresolved backtrace:
	0x7ff67999a235
	0x7ff6796f2650
	0x7ff6794816dd
	0x7ff6794da27e
	0x7ff6794da58c
	0x7ff67952ed77
	0x7ff67952baba
	0x7ff6794cb0ed
	0x7ff6794cbf63
	0x7ff6799c5d60
	0x7ff6799bfe8a
	0x7ff6799e1005
	0x7ff67970d73e
	0x7ff679714e3f
	0x7ff6796fb7e4
	0x7ff6796fb99f
	0x7ff6796e1908
	0x7ff88b53e8d7
	0x7ff88ca8c53c

https://store.steampowered.com/app/916160/Dreamwalker_Never_Fall_Asleep/ | Message: no such element: Unable to locate element: {"method":"css selector","selector":".apphub_AppName"}
  (Session info: chrome=142.0.7444.60); For documentation on this error, please visit: https://www.selenium.dev/documentation/webdriver/troubleshooting/errors#nosuchelementexception
Stacktrace:
Symbols not available. Dumping unresolved backtrace:
	0x7ff67999a235
	0x7ff6796f2650
	0x7ff6794816dd
	0x7ff6794da27e
	0x7ff6794da58c
	0x7ff67952ed77
	0x7ff67952baba
	0x7ff6794cb0ed
	0x7ff6794cbf63
	0x7ff6799c5d60
	0x7ff6799bfe8a
	0x7ff6799e1005
	0x7ff67970d73e
	0x7ff679714e3f
	0x7ff6796fb7e4
	0x7ff6796fb99f
	0x7ff6796e1908
	0x7ff88b53e8d7
	0x7ff88ca8c53c

https://store.steampowered.com/app/939850/The_Dark_Pictures_Anthology_Man_of_Medan/ | Message: no such element: Unable to locate element: {"method":"css selector","selector":".apphub_AppName"}
  (Session info: chrome=142.0.7444.60); For documentation on this error, please visit: https://www.selenium.dev/documentation/webdriver/troubleshooting/errors#nosuchelementexception
Stacktrace:
Symbols not available. Dumping unresolved backtrace:
	0x7ff67999a235
	0x7ff6796f2650
	0x7ff6794816dd
	0x7ff6794da27e
	0x7ff6794da58c
	0x7ff67952ed77
	0x7ff67952baba
	0x7ff6794cb0ed
	0x7ff6794cbf63
	0x7ff6799c5d60
	0x7ff6799bfe8a
	0x7ff6799e1005
	0x7ff67970d73e
	0x7ff679714e3f
	0x7ff6796fb7e4
	0x7ff6796fb99f
	0x7ff6796e1908
	0x7ff88b53e8d7
	0x7ff88ca8c53c

https://store.steampowered.com/sub/1529/ | Message: no such element: Unable to locate element: {"method":"css selector","selector":".apphub_AppName"}
  (Session info: chrome=142.0.7444.60); For documentation on this error, please visit: https://www.selenium.dev/documentation/webdriver/troubleshooting/errors#nosuchelementexception
Stacktrace:
Symbols not available. Dumping unresolved backtrace:
	0x7ff67999a235
	0x7ff6796f2650
	0x7ff6794816dd
	0x7ff6794da27e
	0x7ff6794da58c
	0x7ff67952ed77
	0x7ff67952baba
	0x7ff6794cb0ed
	0x7ff6794cbf63
	0x7ff6799c5d60
	0x7ff6799bfe8a
	0x7ff6799e1005
	0x7ff67970d73e
	0x7ff679714e3f
	0x7ff6796fb7e4
	0x7ff6796fb99f
	0x7ff6796e1908
	0x7ff88b53e8d7
	0x7ff88ca8c53c

https://store.steampowered.com/sub/137245/ | Message: no such element: Unable to locate element: {"method":"css selector","selector":".apphub_AppName"}
  (Session info: chrome=142.0.7444.60); For documentation on this error, please visit: https://www.selenium.dev/documentation/webdriver/troubleshooting/errors#nosuchelementexception
Stacktrace:
Symbols not available. Dumping unresolved backtrace:
	0x7ff67999a235
	0x7ff6796f2650
	0x7ff6794816dd
	0x7ff6794da27e
	0x7ff6794da58c
	0x7ff67952ed77
	0x7ff67952baba
	0x7ff6794cb0ed
	0x7ff6794cbf63
	0x7ff6799c5d60
	0x7ff6799bfe8a
	0x7ff6799e1005
	0x7ff67970d73e
	0x7ff679714e3f
	0x7ff6796fb7e4
	0x7ff6796fb99f
	0x7ff6796e1908
	0x7ff88b53e8d7
	0x7ff88ca8c53c

https://store.steampowered.com/sub/1645/ | Message: no such element: Unable to locate element: {"method":"css selector","selector":".apphub_AppName"}
  (Session info: chrome=142.0.7444.60); For documentation on this error, please visit: https://www.selenium.dev/documentation/webdriver/troubleshooting/errors#nosuchelementexception
Stacktrace:
Symbols not available. Dumping unresolved backtrace:
	0x7ff67999a235
	0x7ff6796f2650
	0x7ff6794816dd
	0x7ff6794da27e
	0x7ff6794da58c
	0x7ff67952ed77
	0x7ff67952baba
	0x7ff6794cb0ed
	0x7ff6794cbf63
	0x7ff6799c5d60
	0x7ff6799bfe8a
	0x7ff6799e1005
	0x7ff67970d73e
	0x7ff679714e3f
	0x7ff6796fb7e4
	0x7ff6796fb99f
	0x7ff6796e1908
	0x7ff88b53e8d7
	0x7ff88ca8c53c

https://store.steampowered.com/sub/34423/ | Message: no such element: Unable to locate element: {"method":"css selector","selector":".apphub_AppName"}
  (Session info: chrome=142.0.7444.60); For documentation on this error, please visit: https://www.selenium.dev/documentation/webdriver/troubleshooting/errors#nosuchelementexception
Stacktrace:
Symbols not available. Dumping unresolved backtrace:
	0x7ff67999a235
	0x7ff6796f2650
	0x7ff6794816dd
	0x7ff6794da27e
	0x7ff6794da58c
	0x7ff67952ed77
	0x7ff67952baba
	0x7ff6794cb0ed
	0x7ff6794cbf63
	0x7ff6799c5d60
	0x7ff6799bfe8a
	0x7ff6799e1005
	0x7ff67970d73e
	0x7ff679714e3f
	0x7ff6796fb7e4
	0x7ff6796fb99f
	0x7ff6796e1908
	0x7ff88b53e8d7
	0x7ff88ca8c53c

https://store.steampowered.com/sub/28005/ | Message: no such element: Unable to locate element: {"method":"css selector","selector":".apphub_AppName"}
  (Session info: chrome=142.0.7444.60); For documentation on this error, please visit: https://www.selenium.dev/documentation/webdriver/troubleshooting/errors#nosuchelementexception
Stacktrace:
Symbols not available. Dumping unresolved backtrace:
	0x7ff67999a235
	0x7ff6796f2650
	0x7ff6794816dd
	0x7ff6794da27e
	0x7ff6794da58c
	0x7ff67952ed77
	0x7ff67952baba
	0x7ff6794cb0ed
	0x7ff6794cbf63
	0x7ff6799c5d60
	0x7ff6799bfe8a
	0x7ff6799e1005
	0x7ff67970d73e
	0x7ff679714e3f
	0x7ff6796fb7e4
	0x7ff6796fb99f
	0x7ff6796e1908
	0x7ff88b53e8d7
	0x7ff88ca8c53c

https://store.steampowered.com/sub/71635/ | Message: no such element: Unable to locate element: {"method":"css selector","selector":".apphub_AppName"}
  (Session info: chrome=142.0.7444.60); For documentation on this error, please visit: https://www.selenium.dev/documentation/webdriver/troubleshooting/errors#nosuchelementexception
Stacktrace:
Symbols not available. Dumping unresolved backtrace:
	0x7ff67999a235
	0x7ff6796f2650
	0x7ff6794816dd
	0x7ff6794da27e
	0x7ff6794da58c
	0x7ff67952ed77
	0x7ff67952baba
	0x7ff6794cb0ed
	0x7ff6794cbf63
	0x7ff6799c5d60
	0x7ff6799bfe8a
	0x7ff6799e1005
	0x7ff67970d73e
	0x7ff679714e3f
	0x7ff6796fb7e4
	0x7ff6796fb99f
	0x7ff6796e1908
	0x7ff88b53e8d7
	0x7ff88ca8c53c

https://store.steampowered.com/sub/94174/ | Message: no such element: Unable to locate element: {"method":"css selector","selector":".apphub_AppName"}
  (Session info: chrome=142.0.7444.60); For documentation on this error, please visit: https://www.selenium.dev/documentation/webdriver/troubleshooting/errors#nosuchelementexception
Stacktrace:
Symbols not available. Dumping unresolved backtrace:
	0x7ff67999a235
	0x7ff6796f2650
	0x7ff6794816dd
	0x7ff6794da27e
	0x7ff6794da58c
	0x7ff67952ed77
	0x7ff67952baba
	0x7ff6794cb0ed
	0x7ff6794cbf63
	0x7ff6799c5d60
	0x7ff6799bfe8a
	0x7ff6799e1005
	0x7ff67970d73e
	0x7ff679714e3f
	0x7ff6796fb7e4
	0x7ff6796fb99f
	0x7ff6796e1908
	0x7ff88b53e8d7
	0x7ff88ca8c53c

